  [1m[35m (2.3ms)[0m  [1m[34mSELECT sqlite_version(*)[0m
  [1m[35m (93.7ms)[0m  [1m[35mCREATE TABLE "schema_migrations" ("version" varchar NOT NULL PRIMARY KEY)[0m
  [1m[35m (88.6ms)[0m  [1m[35mCREATE TABLE "ar_internal_metadata" ("key" varchar NOT NULL PRIMARY KEY, "value" varchar, "created_at" datetime(6) NOT NULL, "updated_at" datetime(6) NOT NULL)[0m
  [1m[36mActiveRecord::SchemaMigration Pluck (0.4ms)[0m  [1m[34mSELECT "schema_migrations"."version" FROM "schema_migrations" ORDER BY "schema_migrations"."version" ASC[0m
Migrating to DeviseCreateUsers (20220425100442)
  [1m[36mTRANSACTION (0.1ms)[0m  [1m[36mbegin transaction[0m
  [1m[35m (1.0ms)[0m  [1m[35mCREATE TABLE "users" ("id" integer PRIMARY KEY AUTOINCREMENT NOT NULL, "email" varchar DEFAULT '' NOT NULL, "encrypted_password" varchar DEFAULT '' NOT NULL, "reset_password_token" varchar, "reset_password_sent_at" datetime(6), "remember_created_at" datetime(6), "sign_in_count" integer DEFAULT 0 NOT NULL, "current_sign_in_at" datetime(6), "last_sign_in_at" datetime(6), "current_sign_in_ip" varchar, "last_sign_in_ip" varchar, "confirmation_token" varchar, "confirmed_at" datetime(6), "confirmation_sent_at" datetime(6), "unconfirmed_email" varchar, "failed_attempts" integer DEFAULT 0 NOT NULL, "unlock_token" varchar, "locked_at" datetime(6), "created_at" datetime(6) NOT NULL, "updated_at" datetime(6) NOT NULL)[0m
  [1m[35m (0.3ms)[0m  [1m[35mCREATE UNIQUE INDEX "index_users_on_email" ON "users" ("email")[0m
  [1m[35m (0.3ms)[0m  [1m[35mCREATE UNIQUE INDEX "index_users_on_reset_password_token" ON "users" ("reset_password_token")[0m
  [1m[35m (0.2ms)[0m  [1m[35mCREATE UNIQUE INDEX "index_users_on_confirmation_token" ON "users" ("confirmation_token")[0m
  [1m[35m (0.2ms)[0m  [1m[35mCREATE UNIQUE INDEX "index_users_on_unlock_token" ON "users" ("unlock_token")[0m
  [1m[36mActiveRecord::SchemaMigration Create (0.2ms)[0m  [1m[32mINSERT INTO "schema_migrations" ("version") VALUES (?)[0m  [["version", "20220425100442"]]
  [1m[36mTRANSACTION (117.1ms)[0m  [1m[36mcommit transaction[0m
  [1m[36mActiveRecord::InternalMetadata Load (0.4ms)[0m  [1m[34mSELECT "ar_internal_metadata".* FROM "ar_internal_metadata" WHERE "ar_internal_metadata"."key" = ? LIMIT ?[0m  [["key", "environment"], ["LIMIT", 1]]
  [1m[36mTRANSACTION (0.2ms)[0m  [1m[36mbegin transaction[0m
  [1m[36mActiveRecord::InternalMetadata Create (0.6ms)[0m  [1m[32mINSERT INTO "ar_internal_metadata" ("key", "value", "created_at", "updated_at") VALUES (?, ?, ?, ?)[0m  [["key", "environment"], ["value", "development"], ["created_at", "2022-04-25 10:10:40.246104"], ["updated_at", "2022-04-25 10:10:40.246104"]]
  [1m[36mTRANSACTION (86.7ms)[0m  [1m[36mcommit transaction[0m
  [1m[35m (0.2ms)[0m  [1m[34mSELECT sqlite_version(*)[0m
  [1m[36mActiveRecord::SchemaMigration Pluck (0.3ms)[0m  [1m[34mSELECT "schema_migrations"."version" FROM "schema_migrations" ORDER BY "schema_migrations"."version" ASC[0m
Started GET "/" for 127.0.0.1 at 2022-04-25 15:41:10 +0530
  [1m[35m (0.6ms)[0m  [1m[34mSELECT sqlite_version(*)[0m
  [1m[36mActiveRecord::SchemaMigration Pluck (0.2ms)[0m  [1m[34mSELECT "schema_migrations"."version" FROM "schema_migrations" ORDER BY "schema_migrations"."version" ASC[0m
Processing by Rails::WelcomeController#index as HTML
  Rendering /var/lib/gems/2.7.0/gems/railties-7.0.2.3/lib/rails/templates/rails/welcome/index.html.erb
  Rendered /var/lib/gems/2.7.0/gems/railties-7.0.2.3/lib/rails/templates/rails/welcome/index.html.erb (Duration: 14.9ms | Allocations: 674)
Completed 200 OK in 31ms (Views: 20.8ms | ActiveRecord: 0.0ms | Allocations: 6436)


Started GET "/p" for 127.0.0.1 at 2022-04-25 15:41:15 +0530
  
ActionController::RoutingError (No route matches [GET] "/p"):
  
Started GET "/users/sign_up" for 127.0.0.1 at 2022-04-25 15:42:04 +0530
Processing by Devise::RegistrationsController#new as HTML
  Rendering layout layouts/application.html.erb
  Rendering devise/registrations/new.html.erb within layouts/application
  Rendered devise/shared/_error_messages.html.erb (Duration: 0.8ms | Allocations: 241)
  Rendered devise/shared/_links.html.erb (Duration: 3.0ms | Allocations: 983)
  Rendered devise/registrations/new.html.erb within layouts/application (Duration: 73.8ms | Allocations: 8319)
Importmap skipped missing path: turbo.min.js
Importmap skipped missing path: turbo.min.js
  Rendered layout layouts/application.html.erb (Duration: 388.6ms | Allocations: 88194)
Completed 200 OK in 414ms (Views: 391.1ms | ActiveRecord: 1.0ms | Allocations: 100711)


Started POST "/users" for 127.0.0.1 at 2022-04-25 15:43:10 +0530
Processing by Devise::RegistrationsController#create as HTML
  Parameters: {"authenticity_token"=>"[FILTERED]", "user"=>{"email"=>"rnagare101@gmail.com", "password"=>"[FILTERED]", "password_confirmation"=>"[FILTERED]"}, "commit"=>"Sign up"}
  [1m[36mTRANSACTION (0.1ms)[0m  [1m[36mbegin transaction[0m
  [1m[36mUser Exists? (0.2ms)[0m  [1m[34mSELECT 1 AS one FROM "users" WHERE "users"."email" = ? LIMIT ?[0m  [["email", "rnagare101@gmail.com"], ["LIMIT", 1]]
  [1m[36mUser Create (0.5ms)[0m  [1m[32mINSERT INTO "users" ("email", "encrypted_password", "reset_password_token", "reset_password_sent_at", "remember_created_at", "sign_in_count", "current_sign_in_at", "last_sign_in_at", "current_sign_in_ip", "last_sign_in_ip", "confirmation_token", "confirmed_at", "confirmation_sent_at", "unconfirmed_email", "failed_attempts", "unlock_token", "locked_at", "created_at", "updated_at") VALUES (?, ?, ?, ?, ?, ?, ?, ?, ?, ?, ?, ?, ?, ?, ?, ?, ?, ?, ?)[0m  [["email", "rnagare101@gmail.com"], ["encrypted_password", "[FILTERED]"], ["reset_password_token", "[FILTERED]"], ["reset_password_sent_at", "[FILTERED]"], ["remember_created_at", nil], ["sign_in_count", 0], ["current_sign_in_at", nil], ["last_sign_in_at", nil], ["current_sign_in_ip", nil], ["last_sign_in_ip", nil], ["confirmation_token", "[FILTERED]"], ["confirmed_at", nil], ["confirmation_sent_at", "2022-04-25 10:13:10.909590"], ["unconfirmed_email", nil], ["failed_attempts", 0], ["unlock_token", "[FILTERED]"], ["locked_at", nil], ["created_at", "2022-04-25 10:13:10.909402"], ["updated_at", "2022-04-25 10:13:10.909402"]]
  [1m[36mTRANSACTION (141.5ms)[0m  [1m[36mcommit transaction[0m
  Rendering devise/mailer/confirmation_instructions.html.erb
  Rendered devise/mailer/confirmation_instructions.html.erb (Duration: 1.7ms | Allocations: 354)
Devise::Mailer#confirmation_instructions: processed outbound mail in 7.2ms
Delivered mail 6266743733e4d_25fa3d54670c7@Vostro-15-3568.mail (10.5ms)
Date: Mon, 25 Apr 2022 15:43:11 +0530
From: please-change-me-at-config-initializers-devise@example.com
Reply-To: please-change-me-at-config-initializers-devise@example.com
To: rnagare101@gmail.com
Message-ID: <6266743733e4d_25fa3d54670c7@Vostro-15-3568.mail>
Subject: Confirmation instructions
Mime-Version: 1.0
Content-Type: text/html;
 charset=UTF-8
Content-Transfer-Encoding: 7bit

<p>Welcome rnagare101@gmail.com!</p>

<p>You can confirm your account email through the link below:</p>

<p><a href="http://localhost:3000/users/confirmation?confirmation_token=y2JQ4uBRhY7HxZKY9pMb">Confirm my account</a></p>

Redirected to http://localhost:3000/
Completed 302 Found in 868ms (ActiveRecord: 142.3ms | Allocations: 44724)


Started GET "/" for 127.0.0.1 at 2022-04-25 15:43:11 +0530
Processing by Rails::WelcomeController#index as HTML
  Rendering /var/lib/gems/2.7.0/gems/railties-7.0.2.3/lib/rails/templates/rails/welcome/index.html.erb
  Rendered /var/lib/gems/2.7.0/gems/railties-7.0.2.3/lib/rails/templates/rails/welcome/index.html.erb (Duration: 1.0ms | Allocations: 365)
Completed 200 OK in 4ms (Views: 2.5ms | ActiveRecord: 0.0ms | Allocations: 1051)


Started GET "/users/sign_in" for 127.0.0.1 at 2022-04-25 15:43:29 +0530
Processing by Devise::SessionsController#new as HTML
  Rendering layout layouts/application.html.erb
  Rendering devise/sessions/new.html.erb within layouts/application
  Rendered devise/shared/_links.html.erb (Duration: 1.4ms | Allocations: 468)
  Rendered devise/sessions/new.html.erb within layouts/application (Duration: 19.9ms | Allocations: 2342)
  Rendered layout layouts/application.html.erb (Duration: 23.7ms | Allocations: 4263)
Completed 200 OK in 27ms (Views: 25.4ms | ActiveRecord: 0.0ms | Allocations: 5478)


Started POST "/users/sign_in" for 127.0.0.1 at 2022-04-25 15:43:40 +0530
Processing by Devise::SessionsController#create as HTML
  Parameters: {"authenticity_token"=>"[FILTERED]", "user"=>{"email"=>"rnagare101@gmail.com", "password"=>"[FILTERED]", "remember_me"=>"0"}, "commit"=>"Log in"}
  [1m[36mUser Load (0.4ms)[0m  [1m[34mSELECT "users".* FROM "users" WHERE "users"."email" = ? ORDER BY "users"."id" ASC LIMIT ?[0m  [["email", "rnagare101@gmail.com"], ["LIMIT", 1]]
Completed 401 Unauthorized in 511ms (ActiveRecord: 0.4ms | Allocations: 8304)


Started GET "/users/sign_in" for 127.0.0.1 at 2022-04-25 15:43:41 +0530
Processing by Devise::SessionsController#new as HTML
  Rendering layout layouts/application.html.erb
  Rendering devise/sessions/new.html.erb within layouts/application
  Rendered devise/shared/_links.html.erb (Duration: 0.5ms | Allocations: 221)
  Rendered devise/sessions/new.html.erb within layouts/application (Duration: 3.1ms | Allocations: 1091)
  Rendered layout layouts/application.html.erb (Duration: 6.2ms | Allocations: 3005)
Completed 200 OK in 8ms (Views: 6.9ms | ActiveRecord: 0.0ms | Allocations: 3625)


Started POST "/users/sign_in" for 127.0.0.1 at 2022-04-25 15:43:53 +0530
Processing by Devise::SessionsController#create as HTML
  Parameters: {"authenticity_token"=>"[FILTERED]", "user"=>{"email"=>"rnagare101@gmail.com", "password"=>"[FILTERED]", "remember_me"=>"0"}, "commit"=>"Log in"}
  [1m[36mUser Load (0.2ms)[0m  [1m[34mSELECT "users".* FROM "users" WHERE "users"."email" = ? ORDER BY "users"."id" ASC LIMIT ?[0m  [["email", "rnagare101@gmail.com"], ["LIMIT", 1]]
Completed 401 Unauthorized in 398ms (ActiveRecord: 0.2ms | Allocations: 1679)


Started GET "/users/sign_in" for 127.0.0.1 at 2022-04-25 15:43:54 +0530
Processing by Devise::SessionsController#new as HTML
  Rendering layout layouts/application.html.erb
  Rendering devise/sessions/new.html.erb within layouts/application
  Rendered devise/shared/_links.html.erb (Duration: 0.5ms | Allocations: 221)
  Rendered devise/sessions/new.html.erb within layouts/application (Duration: 3.3ms | Allocations: 1091)
  Rendered layout layouts/application.html.erb (Duration: 6.4ms | Allocations: 3019)
Completed 200 OK in 8ms (Views: 7.0ms | ActiveRecord: 0.0ms | Allocations: 3642)


Started GET "/users/confirmation?confirmation_token=[FILTERED]" for ::1 at 2022-04-25 15:44:57 +0530
Processing by Devise::ConfirmationsController#show as HTML
  Parameters: {"confirmation_token"=>"[FILTERED]"}
  [1m[36mUser Load (1.2ms)[0m  [1m[34mSELECT "users".* FROM "users" WHERE "users"."confirmation_token" = ? ORDER BY "users"."id" ASC LIMIT ?[0m  [["confirmation_token", "[FILTERED]"], ["LIMIT", 1]]
  [1m[36mTRANSACTION (0.2ms)[0m  [1m[36mbegin transaction[0m
  [1m[36mUser Update (0.6ms)[0m  [1m[33mUPDATE "users" SET "confirmed_at" = ?, "updated_at" = ? WHERE "users"."id" = ?[0m  [["confirmed_at", "2022-04-25 10:14:57.348493"], ["updated_at", "2022-04-25 10:14:57.349820"], ["id", 1]]
  [1m[36mTRANSACTION (439.7ms)[0m  [1m[36mcommit transaction[0m
Redirected to http://localhost:3000/users/sign_in
Completed 302 Found in 466ms (ActiveRecord: 441.7ms | Allocations: 4233)


Started GET "/users/sign_in" for ::1 at 2022-04-25 15:44:57 +0530
Processing by Devise::SessionsController#new as HTML
  Rendering layout layouts/application.html.erb
  Rendering devise/sessions/new.html.erb within layouts/application
  Rendered devise/shared/_links.html.erb (Duration: 0.9ms | Allocations: 221)
  Rendered devise/sessions/new.html.erb within layouts/application (Duration: 5.2ms | Allocations: 1095)
  Rendered layout layouts/application.html.erb (Duration: 16.4ms | Allocations: 3013)
Completed 200 OK in 19ms (Views: 17.4ms | ActiveRecord: 0.0ms | Allocations: 3621)


Started POST "/users/sign_in" for ::1 at 2022-04-25 15:45:28 +0530
Processing by Devise::SessionsController#create as HTML
  Parameters: {"authenticity_token"=>"[FILTERED]", "user"=>{"email"=>"rnagare101@gmail.com", "password"=>"[FILTERED]", "remember_me"=>"0"}, "commit"=>"Log in"}
  [1m[36mUser Load (0.3ms)[0m  [1m[34mSELECT "users".* FROM "users" WHERE "users"."email" = ? ORDER BY "users"."id" ASC LIMIT ?[0m  [["email", "rnagare101@gmail.com"], ["LIMIT", 1]]
  [1m[36mTRANSACTION (0.1ms)[0m  [1m[36mbegin transaction[0m
  [1m[36mUser Update (0.3ms)[0m  [1m[33mUPDATE "users" SET "sign_in_count" = ?, "current_sign_in_at" = ?, "last_sign_in_at" = ?, "current_sign_in_ip" = ?, "last_sign_in_ip" = ?, "updated_at" = ? WHERE "users"."id" = ?[0m  [["sign_in_count", 1], ["current_sign_in_at", "2022-04-25 10:15:29.241706"], ["last_sign_in_at", "2022-04-25 10:15:29.241706"], ["current_sign_in_ip", "::1"], ["last_sign_in_ip", "::1"], ["updated_at", "2022-04-25 10:15:29.241946"], ["id", 1]]
  [1m[36mTRANSACTION (80.7ms)[0m  [1m[36mcommit transaction[0m
Redirected to http://localhost:3000/
Completed 302 Found in 514ms (ActiveRecord: 81.3ms | Allocations: 5230)


Started GET "/" for ::1 at 2022-04-25 15:45:29 +0530
Processing by Rails::WelcomeController#index as HTML
  Rendering /var/lib/gems/2.7.0/gems/railties-7.0.2.3/lib/rails/templates/rails/welcome/index.html.erb
  Rendered /var/lib/gems/2.7.0/gems/railties-7.0.2.3/lib/rails/templates/rails/welcome/index.html.erb (Duration: 0.2ms | Allocations: 23)
Completed 200 OK in 1ms (Views: 0.8ms | ActiveRecord: 0.0ms | Allocations: 229)


Started GET "/" for ::1 at 2022-04-25 15:47:09 +0530
Processing by Rails::WelcomeController#index as HTML
  Rendering /var/lib/gems/2.7.0/gems/railties-7.0.2.3/lib/rails/templates/rails/welcome/index.html.erb
  Rendered /var/lib/gems/2.7.0/gems/railties-7.0.2.3/lib/rails/templates/rails/welcome/index.html.erb (Duration: 2.3ms | Allocations: 367)
Completed 200 OK in 10ms (Views: 6.5ms | ActiveRecord: 0.0ms | Allocations: 1113)


Started GET "/users/sign_in" for ::1 at 2022-04-25 15:47:23 +0530
Processing by Devise::SessionsController#new as HTML
  Rendering layout layouts/application.html.erb
  Rendering devise/sessions/new.html.erb within layouts/application
  Rendered devise/shared/_links.html.erb (Duration: 1.9ms | Allocations: 653)
  Rendered devise/sessions/new.html.erb within layouts/application (Duration: 5.8ms | Allocations: 1935)
  Rendered layout layouts/application.html.erb (Duration: 9.7ms | Allocations: 4122)
Completed 200 OK in 14ms (Views: 12.0ms | ActiveRecord: 0.0ms | Allocations: 5285)


Started POST "/users/sign_in" for ::1 at 2022-04-25 15:47:33 +0530
Processing by Devise::SessionsController#create as HTML
  Parameters: {"authenticity_token"=>"[FILTERED]", "user"=>{"email"=>"rnagare101@gmail.com", "password"=>"[FILTERED]", "remember_me"=>"0"}, "commit"=>"Log in"}
  [1m[36mUser Load (0.2ms)[0m  [1m[34mSELECT "users".* FROM "users" WHERE "users"."email" = ? ORDER BY "users"."id" ASC LIMIT ?[0m  [["email", "rnagare101@gmail.com"], ["LIMIT", 1]]
  [1m[36mTRANSACTION (0.1ms)[0m  [1m[36mbegin transaction[0m
  [1m[36mUser Update (0.3ms)[0m  [1m[33mUPDATE "users" SET "sign_in_count" = ?, "current_sign_in_at" = ?, "updated_at" = ? WHERE "users"."id" = ?[0m  [["sign_in_count", 2], ["current_sign_in_at", "2022-04-25 10:17:34.063016"], ["updated_at", "2022-04-25 10:17:34.063406"], ["id", 1]]
  [1m[36mTRANSACTION (71.3ms)[0m  [1m[36mcommit transaction[0m
Redirected to http://localhost:3000/
Completed 302 Found in 513ms (ActiveRecord: 71.9ms | Allocations: 5287)


Started GET "/" for ::1 at 2022-04-25 15:47:34 +0530
Processing by Rails::WelcomeController#index as HTML
  Rendering /var/lib/gems/2.7.0/gems/railties-7.0.2.3/lib/rails/templates/rails/welcome/index.html.erb
  Rendered /var/lib/gems/2.7.0/gems/railties-7.0.2.3/lib/rails/templates/rails/welcome/index.html.erb (Duration: 0.2ms | Allocations: 23)
Completed 200 OK in 2ms (Views: 1.1ms | ActiveRecord: 0.0ms | Allocations: 230)


Started GET "/users/sign_out" for ::1 at 2022-04-25 15:48:07 +0530
  
ActionController::RoutingError (No route matches [GET] "/users/sign_out"):
  
Started GET "/users/sign_in" for ::1 at 2022-04-25 15:48:40 +0530
Processing by Devise::SessionsController#new as HTML
  [1m[36mUser Load (1.0ms)[0m  [1m[34mSELECT "users".* FROM "users" WHERE "users"."id" = ? ORDER BY "users"."id" ASC LIMIT ?[0m  [["id", 1], ["LIMIT", 1]]
Redirected to http://localhost:3000/
Filter chain halted as :require_no_authentication rendered or redirected
Completed 302 Found in 12ms (ActiveRecord: 1.0ms | Allocations: 1462)


Started GET "/" for 127.0.0.1 at 2022-04-25 15:55:56 +0530
  [1m[35m (2.2ms)[0m  [1m[34mSELECT sqlite_version(*)[0m
  [1m[36mActiveRecord::SchemaMigration Pluck (0.2ms)[0m  [1m[34mSELECT "schema_migrations"."version" FROM "schema_migrations" ORDER BY "schema_migrations"."version" ASC[0m
Processing by Rails::WelcomeController#index as HTML
  Rendering /var/lib/gems/2.7.0/gems/railties-7.0.2.3/lib/rails/templates/rails/welcome/index.html.erb
  Rendered /var/lib/gems/2.7.0/gems/railties-7.0.2.3/lib/rails/templates/rails/welcome/index.html.erb (Duration: 1.4ms | Allocations: 562)
Completed 200 OK in 12ms (Views: 5.1ms | ActiveRecord: 0.0ms | Allocations: 5098)


Started GET "/" for 127.0.0.1 at 2022-04-25 15:56:54 +0530
Processing by HomeController#index as HTML
  Rendering layout layouts/application.html.erb
  Rendering home/index.html.erb within layouts/application
  Rendered home/index.html.erb within layouts/application (Duration: 0.5ms | Allocations: 119)
Importmap skipped missing path: turbo.min.js
Importmap skipped missing path: turbo.min.js
  Rendered layout layouts/application.html.erb (Duration: 56.9ms | Allocations: 31410)
Completed 200 OK in 61ms (Views: 59.1ms | Allocations: 32368)


Started GET "/" for ::1 at 2022-04-25 15:57:27 +0530
Processing by HomeController#index as HTML
  Rendering layout layouts/application.html.erb
  Rendering home/index.html.erb within layouts/application
  Rendered home/index.html.erb within layouts/application (Duration: 0.1ms | Allocations: 15)
  Rendered layout layouts/application.html.erb (Duration: 5.4ms | Allocations: 2027)
Completed 200 OK in 7ms (Views: 6.2ms | Allocations: 2277)


Started GET "/users/sign_in" for ::1 at 2022-04-25 16:10:14 +0530
Processing by Devise::SessionsController#new as HTML
  [1m[35m (0.1ms)[0m  [1m[34mSELECT sqlite_version(*)[0m
  Rendering layout layouts/application.html.erb
  Rendering devise/sessions/new.html.erb within layouts/application
  Rendered devise/shared/_links.html.erb (Duration: 3.1ms | Allocations: 1153)
  Rendered devise/sessions/new.html.erb within layouts/application (Duration: 14.1ms | Allocations: 6058)
  Rendered layout layouts/application.html.erb (Duration: 18.7ms | Allocations: 8253)
Completed 200 OK in 46ms (Views: 21.0ms | ActiveRecord: 1.4ms | Allocations: 22140)


Started GET "/users/password/new" for ::1 at 2022-04-25 16:10:18 +0530
Processing by Devise::PasswordsController#new as HTML
  Rendering layout layouts/application.html.erb
  Rendering devise/passwords/new.html.erb within layouts/application
  Rendered devise/shared/_error_messages.html.erb (Duration: 18.7ms | Allocations: 219)
  Rendered devise/shared/_links.html.erb (Duration: 0.8ms | Allocations: 347)
  Rendered devise/passwords/new.html.erb within layouts/application (Duration: 22.3ms | Allocations: 1528)
  Rendered layout layouts/application.html.erb (Duration: 27.4ms | Allocations: 3475)
Completed 200 OK in 30ms (Views: 28.9ms | ActiveRecord: 0.0ms | Allocations: 4544)


Started POST "/users/password" for ::1 at 2022-04-25 16:10:24 +0530
Processing by Devise::PasswordsController#create as HTML
  Parameters: {"authenticity_token"=>"[FILTERED]", "user"=>{"email"=>"rnagare101@gmail.com"}, "commit"=>"Send me reset password instructions"}
  [1m[36mUser Load (0.3ms)[0m  [1m[34mSELECT "users".* FROM "users" WHERE "users"."email" = ? ORDER BY "users"."id" ASC LIMIT ?[0m  [["email", "rnagare101@gmail.com"], ["LIMIT", 1]]
  [1m[36mUser Load (0.3ms)[0m  [1m[34mSELECT "users".* FROM "users" WHERE "users"."reset_password_token" = ? ORDER BY "users"."id" ASC LIMIT ?[0m  [["reset_password_token", "[FILTERED]"], ["LIMIT", 1]]
  [1m[36mTRANSACTION (0.1ms)[0m  [1m[36mbegin transaction[0m
  [1m[36mUser Update (0.4ms)[0m  [1m[33mUPDATE "users" SET "reset_password_token" = ?, "reset_password_sent_at" = ?, "updated_at" = ? WHERE "users"."id" = ?[0m  [["reset_password_token", "[FILTERED]"], ["reset_password_sent_at", "[FILTERED]"], ["updated_at", "2022-04-25 10:40:24.298677"], ["id", 1]]
  [1m[36mTRANSACTION (72.5ms)[0m  [1m[36mcommit transaction[0m
  Rendering devise/mailer/reset_password_instructions.html.erb
  Rendered devise/mailer/reset_password_instructions.html.erb (Duration: 1.2ms | Allocations: 367)
Devise::Mailer#reset_password_instructions: processed outbound mail in 5.2ms
Delivered mail 62667a986ae9c_2d333d40-4d7@Vostro-15-3568.mail (5.5ms)
Date: Mon, 25 Apr 2022 16:10:24 +0530
From: please-change-me-at-config-initializers-devise@example.com
Reply-To: please-change-me-at-config-initializers-devise@example.com
To: rnagare101@gmail.com
Message-ID: <62667a986ae9c_2d333d40-4d7@Vostro-15-3568.mail>
Subject: Reset password instructions
Mime-Version: 1.0
Content-Type: text/html;
 charset=UTF-8
Content-Transfer-Encoding: 7bit

<p>Hello rnagare101@gmail.com!</p>

<p>Someone has requested a link to change your password. You can do this through the link below.</p>

<p><a href="http://localhost:3000/users/password/edit?reset_password_token=QnBMGRUqrykcxWWBB6bF">Change my password</a></p>

<p>If you didn't request this, please ignore this email.</p>
<p>Your password won't change until you access the link above and create a new one.</p>

Redirected to http://localhost:3000/users/sign_in
Completed 302 Found in 340ms (ActiveRecord: 73.7ms | Allocations: 39244)


Started GET "/users/sign_in" for ::1 at 2022-04-25 16:10:24 +0530
Processing by Devise::SessionsController#new as HTML
  Rendering layout layouts/application.html.erb
  Rendering devise/sessions/new.html.erb within layouts/application
  Rendered devise/shared/_links.html.erb (Duration: 0.5ms | Allocations: 222)
  Rendered devise/sessions/new.html.erb within layouts/application (Duration: 2.5ms | Allocations: 1101)
  Rendered layout layouts/application.html.erb (Duration: 5.9ms | Allocations: 3057)
Completed 200 OK in 8ms (Views: 6.6ms | ActiveRecord: 0.0ms | Allocations: 3667)


Started GET "/users/password/new" for ::1 at 2022-04-25 16:12:16 +0530
Processing by Devise::PasswordsController#new as HTML
  Rendering layout layouts/application.html.erb
  Rendering devise/passwords/new.html.erb within layouts/application
  Rendered devise/shared/_error_messages.html.erb (Duration: 0.8ms | Allocations: 213)
  Rendered devise/shared/_links.html.erb (Duration: 1.9ms | Allocations: 650)
  Rendered devise/passwords/new.html.erb within layouts/application (Duration: 6.5ms | Allocations: 1753)
  Rendered layout layouts/application.html.erb (Duration: 10.4ms | Allocations: 3963)
Completed 200 OK in 14ms (Views: 12.4ms | ActiveRecord: 0.0ms | Allocations: 5198)


Started POST "/users/password" for ::1 at 2022-04-25 16:12:22 +0530
Processing by Devise::PasswordsController#create as HTML
  Parameters: {"authenticity_token"=>"[FILTERED]", "user"=>{"email"=>"rnagare101@gmail.com"}, "commit"=>"Send me reset password instructions"}
  [1m[36mUser Load (0.2ms)[0m  [1m[34mSELECT "users".* FROM "users" WHERE "users"."email" = ? ORDER BY "users"."id" ASC LIMIT ?[0m  [["email", "rnagare101@gmail.com"], ["LIMIT", 1]]
  [1m[36mUser Load (0.2ms)[0m  [1m[34mSELECT "users".* FROM "users" WHERE "users"."reset_password_token" = ? ORDER BY "users"."id" ASC LIMIT ?[0m  [["reset_password_token", "[FILTERED]"], ["LIMIT", 1]]
  [1m[36mTRANSACTION (0.1ms)[0m  [1m[36mbegin transaction[0m
  [1m[36mUser Update (0.6ms)[0m  [1m[33mUPDATE "users" SET "reset_password_token" = ?, "reset_password_sent_at" = ?, "updated_at" = ? WHERE "users"."id" = ?[0m  [["reset_password_token", "[FILTERED]"], ["reset_password_sent_at", "[FILTERED]"], ["updated_at", "2022-04-25 10:42:22.548202"], ["id", 1]]
  [1m[36mTRANSACTION (159.5ms)[0m  [1m[36mcommit transaction[0m
  Rendering devise/mailer/reset_password_instructions.html.erb
  Rendered devise/mailer/reset_password_instructions.html.erb (Duration: 3.6ms | Allocations: 235)
Devise::Mailer#reset_password_instructions: processed outbound mail in 20.2ms
Delivered mail 62667b0eb7814_2d333d2c-380@Vostro-15-3568.mail (17.8ms)
Date: Mon, 25 Apr 2022 16:12:22 +0530
From: please-change-me-at-config-initializers-devise@example.com
Reply-To: please-change-me-at-config-initializers-devise@example.com
To: rnagare101@gmail.com
Message-ID: <62667b0eb7814_2d333d2c-380@Vostro-15-3568.mail>
Subject: Reset password instructions
Mime-Version: 1.0
Content-Type: text/html;
 charset=UTF-8
Content-Transfer-Encoding: 7bit

<p>Hello rnagare101@gmail.com!</p>

<p>Someone has requested a link to change your password. You can do this through the link below.</p>

<p><a href="http://localhost:3000/users/password/edit?reset_password_token=NLggrfbNVRDmr53AWUjS">Change my password</a></p>

<p>If you didn't request this, please ignore this email.</p>
<p>Your password won't change until you access the link above and create a new one.</p>

Redirected to http://localhost:3000/users/sign_in
Completed 302 Found in 229ms (ActiveRecord: 160.6ms | Allocations: 10184)


Started GET "/users/sign_in" for ::1 at 2022-04-25 16:12:22 +0530
Processing by Devise::SessionsController#new as HTML
  Rendering layout layouts/application.html.erb
  Rendering devise/sessions/new.html.erb within layouts/application
  Rendered devise/shared/_links.html.erb (Duration: 1.1ms | Allocations: 222)
  Rendered devise/sessions/new.html.erb within layouts/application (Duration: 6.1ms | Allocations: 1440)
  Rendered layout layouts/application.html.erb (Duration: 10.1ms | Allocations: 3390)
Completed 200 OK in 14ms (Views: 12.8ms | ActiveRecord: 0.0ms | Allocations: 4486)


Started GET "/" for 127.0.0.1 at 2022-04-25 16:12:43 +0530
Processing by HomeController#index as HTML
  Rendering layout layouts/application.html.erb
  Rendering home/index.html.erb within layouts/application
  Rendered home/index.html.erb within layouts/application (Duration: 0.5ms | Allocations: 118)
  Rendered layout layouts/application.html.erb (Duration: 3.8ms | Allocations: 2221)
Completed 200 OK in 6ms (Views: 5.6ms | ActiveRecord: 0.0ms | Allocations: 2956)


Started GET "/users/sign_in" for 127.0.0.1 at 2022-04-25 16:12:50 +0530
Processing by Devise::SessionsController#new as HTML
  Rendering layout layouts/application.html.erb
  Rendering devise/sessions/new.html.erb within layouts/application
  Rendered devise/shared/_links.html.erb (Duration: 0.6ms | Allocations: 222)
  Rendered devise/sessions/new.html.erb within layouts/application (Duration: 2.9ms | Allocations: 1101)
  Rendered layout layouts/application.html.erb (Duration: 7.1ms | Allocations: 3040)
Completed 200 OK in 9ms (Views: 7.9ms | ActiveRecord: 0.0ms | Allocations: 3630)


Started GET "/users/password/new" for 127.0.0.1 at 2022-04-25 16:12:53 +0530
Processing by Devise::PasswordsController#new as HTML
  Rendering layout layouts/application.html.erb
  Rendering devise/passwords/new.html.erb within layouts/application
  Rendered devise/shared/_error_messages.html.erb (Duration: 0.1ms | Allocations: 18)
  Rendered devise/shared/_links.html.erb (Duration: 0.5ms | Allocations: 220)
  Rendered devise/passwords/new.html.erb within layouts/application (Duration: 2.2ms | Allocations: 771)
  Rendered layout layouts/application.html.erb (Duration: 6.4ms | Allocations: 2718)
Completed 200 OK in 8ms (Views: 7.1ms | ActiveRecord: 0.0ms | Allocations: 3230)


Started POST "/users/password" for 127.0.0.1 at 2022-04-25 16:12:59 +0530
Processing by Devise::PasswordsController#create as HTML
  Parameters: {"authenticity_token"=>"[FILTERED]", "user"=>{"email"=>"rnagare101@gmail.com"}, "commit"=>"Send me reset password instructions"}
  [1m[36mUser Load (0.1ms)[0m  [1m[34mSELECT "users".* FROM "users" WHERE "users"."email" = ? ORDER BY "users"."id" ASC LIMIT ?[0m  [["email", "rnagare101@gmail.com"], ["LIMIT", 1]]
  [1m[36mUser Load (0.1ms)[0m  [1m[34mSELECT "users".* FROM "users" WHERE "users"."reset_password_token" = ? ORDER BY "users"."id" ASC LIMIT ?[0m  [["reset_password_token", "[FILTERED]"], ["LIMIT", 1]]
  [1m[36mTRANSACTION (0.1ms)[0m  [1m[36mbegin transaction[0m
  [1m[36mUser Update (0.4ms)[0m  [1m[33mUPDATE "users" SET "reset_password_token" = ?, "reset_password_sent_at" = ?, "updated_at" = ? WHERE "users"."id" = ?[0m  [["reset_password_token", "[FILTERED]"], ["reset_password_sent_at", "[FILTERED]"], ["updated_at", "2022-04-25 10:42:59.532016"], ["id", 1]]
  [1m[36mTRANSACTION (360.3ms)[0m  [1m[36mcommit transaction[0m
  Rendering devise/mailer/reset_password_instructions.html.erb
  Rendered devise/mailer/reset_password_instructions.html.erb (Duration: 1.0ms | Allocations: 84)
Devise::Mailer#reset_password_instructions: processed outbound mail in 7.2ms
Delivered mail 62667b33df9c0_2d333d40-2c3@Vostro-15-3568.mail (8.1ms)
Date: Mon, 25 Apr 2022 16:12:59 +0530
From: please-change-me-at-config-initializers-devise@example.com
Reply-To: please-change-me-at-config-initializers-devise@example.com
To: rnagare101@gmail.com
Message-ID: <62667b33df9c0_2d333d40-2c3@Vostro-15-3568.mail>
Subject: Reset password instructions
Mime-Version: 1.0
Content-Type: text/html;
 charset=UTF-8
Content-Transfer-Encoding: 7bit

<p>Hello rnagare101@gmail.com!</p>

<p>Someone has requested a link to change your password. You can do this through the link below.</p>

<p><a href="http://localhost:3000/users/password/edit?reset_password_token=GozaCrNbqs5Ug7fwiEGE">Change my password</a></p>

<p>If you didn't request this, please ignore this email.</p>
<p>Your password won't change until you access the link above and create a new one.</p>

Redirected to http://localhost:3000/users/sign_in
Completed 302 Found in 399ms (ActiveRecord: 361.1ms | Allocations: 9144)


Started GET "/users/sign_in" for 127.0.0.1 at 2022-04-25 16:12:59 +0530
Processing by Devise::SessionsController#new as HTML
  Rendering layout layouts/application.html.erb
  Rendering devise/sessions/new.html.erb within layouts/application
  Rendered devise/shared/_links.html.erb (Duration: 0.4ms | Allocations: 221)
  Rendered devise/sessions/new.html.erb within layouts/application (Duration: 2.4ms | Allocations: 1091)
  Rendered layout layouts/application.html.erb (Duration: 5.6ms | Allocations: 3021)
Completed 200 OK in 7ms (Views: 6.2ms | ActiveRecord: 0.0ms | Allocations: 3637)


Started GET "/users/sign_in" for 127.0.0.1 at 2022-04-25 16:14:36 +0530
Processing by Devise::SessionsController#new as HTML
  Rendering layout layouts/application.html.erb
  Rendering devise/sessions/new.html.erb within layouts/application
  Rendered devise/shared/_links.html.erb (Duration: 1.7ms | Allocations: 653)
  Rendered devise/sessions/new.html.erb within layouts/application (Duration: 4.9ms | Allocations: 1924)
  Rendered layout layouts/application.html.erb (Duration: 9.0ms | Allocations: 4221)
Completed 200 OK in 12ms (Views: 11.0ms | ActiveRecord: 0.0ms | Allocations: 5531)


Started GET "/users/sign_in" for 127.0.0.1 at 2022-04-25 16:14:41 +0530
Processing by Devise::SessionsController#new as HTML
  Rendering layout layouts/application.html.erb
  Rendering devise/sessions/new.html.erb within layouts/application
  Rendered devise/shared/_links.html.erb (Duration: 0.5ms | Allocations: 222)
  Rendered devise/sessions/new.html.erb within layouts/application (Duration: 2.5ms | Allocations: 1099)
  Rendered layout layouts/application.html.erb (Duration: 7.9ms | Allocations: 3032)
Completed 200 OK in 10ms (Views: 8.8ms | ActiveRecord: 0.0ms | Allocations: 3630)


Started GET "/users/sign_in" for 127.0.0.1 at 2022-04-25 16:14:41 +0530
Processing by Devise::SessionsController#new as HTML
  Rendering layout layouts/application.html.erb
  Rendering devise/sessions/new.html.erb within layouts/application
  Rendered devise/shared/_links.html.erb (Duration: 0.5ms | Allocations: 221)
  Rendered devise/sessions/new.html.erb within layouts/application (Duration: 2.5ms | Allocations: 1091)
  Rendered layout layouts/application.html.erb (Duration: 5.5ms | Allocations: 3022)
Completed 200 OK in 7ms (Views: 6.2ms | ActiveRecord: 0.0ms | Allocations: 3612)


Started GET "/users/sign_in" for 127.0.0.1 at 2022-04-25 16:14:42 +0530
Processing by Devise::SessionsController#new as HTML
  Rendering layout layouts/application.html.erb
  Rendering devise/sessions/new.html.erb within layouts/application
  Rendered devise/shared/_links.html.erb (Duration: 0.8ms | Allocations: 221)
  Rendered devise/sessions/new.html.erb within layouts/application (Duration: 4.5ms | Allocations: 1091)
  Rendered layout layouts/application.html.erb (Duration: 9.5ms | Allocations: 3022)
Completed 200 OK in 13ms (Views: 10.7ms | ActiveRecord: 0.0ms | Allocations: 3618)


Started GET "/users/sign_in" for 127.0.0.1 at 2022-04-25 16:14:42 +0530
Processing by Devise::SessionsController#new as HTML
  Rendering layout layouts/application.html.erb
  Rendering devise/sessions/new.html.erb within layouts/application
  Rendered devise/shared/_links.html.erb (Duration: 1.7ms | Allocations: 221)
  Rendered devise/sessions/new.html.erb within layouts/application (Duration: 11.4ms | Allocations: 1091)
  Rendered layout layouts/application.html.erb (Duration: 27.7ms | Allocations: 3025)
Completed 200 OK in 36ms (Views: 31.2ms | ActiveRecord: 0.0ms | Allocations: 3617)


Started GET "/users/sign_in" for 127.0.0.1 at 2022-04-25 16:14:49 +0530
Processing by Devise::SessionsController#new as HTML
  Rendering layout layouts/application.html.erb
  Rendering devise/sessions/new.html.erb within layouts/application
  Rendered devise/shared/_links.html.erb (Duration: 0.6ms | Allocations: 221)
  Rendered devise/sessions/new.html.erb within layouts/application (Duration: 3.1ms | Allocations: 1091)
  Rendered layout layouts/application.html.erb (Duration: 7.1ms | Allocations: 3022)
Completed 200 OK in 9ms (Views: 8.0ms | ActiveRecord: 0.0ms | Allocations: 3620)


Started GET "/users/sign_in" for 127.0.0.1 at 2022-04-25 16:14:50 +0530
Processing by Devise::SessionsController#new as HTML
  Rendering layout layouts/application.html.erb
  Rendering devise/sessions/new.html.erb within layouts/application
  Rendered devise/shared/_links.html.erb (Duration: 0.7ms | Allocations: 221)
  Rendered devise/sessions/new.html.erb within layouts/application (Duration: 3.8ms | Allocations: 1091)
  Rendered layout layouts/application.html.erb (Duration: 13.8ms | Allocations: 3036)
Completed 200 OK in 16ms (Views: 14.7ms | ActiveRecord: 0.0ms | Allocations: 3629)


Started GET "/users/sign_in" for 127.0.0.1 at 2022-04-25 16:14:50 +0530
Processing by Devise::SessionsController#new as HTML
  Rendering layout layouts/application.html.erb
  Rendering devise/sessions/new.html.erb within layouts/application
  Rendered devise/shared/_links.html.erb (Duration: 0.5ms | Allocations: 221)
  Rendered devise/sessions/new.html.erb within layouts/application (Duration: 3.0ms | Allocations: 1091)
  Rendered layout layouts/application.html.erb (Duration: 6.6ms | Allocations: 3022)
Completed 200 OK in 9ms (Views: 7.5ms | ActiveRecord: 0.0ms | Allocations: 3611)


Started GET "/users/sign_in" for 127.0.0.1 at 2022-04-25 16:14:50 +0530
Processing by Devise::SessionsController#new as HTML
  Rendering layout layouts/application.html.erb
  Rendering devise/sessions/new.html.erb within layouts/application
  Rendered devise/shared/_links.html.erb (Duration: 0.5ms | Allocations: 221)
  Rendered devise/sessions/new.html.erb within layouts/application (Duration: 2.4ms | Allocations: 1091)
  Rendered layout layouts/application.html.erb (Duration: 7.5ms | Allocations: 3022)
Completed 200 OK in 10ms (Views: 9.0ms | ActiveRecord: 0.0ms | Allocations: 3624)


Started GET "/users/sign_in" for 127.0.0.1 at 2022-04-25 16:14:53 +0530
Processing by Devise::SessionsController#new as HTML
  Rendering layout layouts/application.html.erb
  Rendering devise/sessions/new.html.erb within layouts/application
  Rendered devise/shared/_links.html.erb (Duration: 0.8ms | Allocations: 221)
  Rendered devise/sessions/new.html.erb within layouts/application (Duration: 3.3ms | Allocations: 1091)
  Rendered layout layouts/application.html.erb (Duration: 9.0ms | Allocations: 3022)
Completed 200 OK in 11ms (Views: 9.7ms | ActiveRecord: 0.0ms | Allocations: 3612)


Started GET "/" for 127.0.0.1 at 2022-04-25 16:15:11 +0530
Processing by HomeController#index as HTML
  Rendering layout layouts/application.html.erb
  Rendering home/index.html.erb within layouts/application
  Rendered home/index.html.erb within layouts/application (Duration: 1.6ms | Allocations: 120)
  Rendered layout layouts/application.html.erb (Duration: 9.0ms | Allocations: 2240)
Completed 200 OK in 16ms (Views: 13.7ms | ActiveRecord: 0.0ms | Allocations: 2977)


Started GET "/" for 127.0.0.1 at 2022-04-25 16:15:32 +0530
Processing by HomeController#index as HTML
  Rendering layout layouts/application.html.erb
  Rendering home/index.html.erb within layouts/application
  Rendered home/index.html.erb within layouts/application (Duration: 0.5ms | Allocations: 117)
  Rendered layout layouts/application.html.erb (Duration: 7.2ms | Allocations: 2572)
Completed 200 OK in 10ms (Views: 9.4ms | ActiveRecord: 0.0ms | Allocations: 3477)


Started GET "/sign_up" for 127.0.0.1 at 2022-04-25 16:15:37 +0530
  
ActionController::RoutingError (No route matches [GET] "/sign_up"):
  
Started GET "/users/sign_up" for 127.0.0.1 at 2022-04-25 16:15:44 +0530
Processing by Devise::RegistrationsController#new as HTML
  Rendering layout layouts/application.html.erb
  Rendering devise/registrations/new.html.erb within layouts/application
  Rendered devise/shared/_error_messages.html.erb (Duration: 0.5ms | Allocations: 213)
  Rendered devise/shared/_links.html.erb (Duration: 1.3ms | Allocations: 613)
  Rendered devise/registrations/new.html.erb within layouts/application (Duration: 5.9ms | Allocations: 2393)
  Rendered layout layouts/application.html.erb (Duration: 9.7ms | Allocations: 4353)
Completed 200 OK in 14ms (Views: 12.1ms | ActiveRecord: 0.0ms | Allocations: 5526)


Started GET "/users/sign_in" for 127.0.0.1 at 2022-04-25 16:15:49 +0530
Processing by Devise::SessionsController#new as HTML
  Rendering layout layouts/application.html.erb
  Rendering devise/sessions/new.html.erb within layouts/application
  Rendered devise/shared/_links.html.erb (Duration: 0.7ms | Allocations: 222)
  Rendered devise/sessions/new.html.erb within layouts/application (Duration: 4.0ms | Allocations: 1440)
  Rendered layout layouts/application.html.erb (Duration: 8.6ms | Allocations: 3379)
Completed 200 OK in 12ms (Views: 10.4ms | ActiveRecord: 0.0ms | Allocations: 4464)


Started GET "/users/password/new" for 127.0.0.1 at 2022-04-25 16:15:50 +0530
Processing by Devise::PasswordsController#new as HTML
  Rendering layout layouts/application.html.erb
  Rendering devise/passwords/new.html.erb within layouts/application
  Rendered devise/shared/_error_messages.html.erb (Duration: 0.1ms | Allocations: 18)
  Rendered devise/shared/_links.html.erb (Duration: 0.7ms | Allocations: 220)
  Rendered devise/passwords/new.html.erb within layouts/application (Duration: 4.2ms | Allocations: 1021)
  Rendered layout layouts/application.html.erb (Duration: 8.7ms | Allocations: 2968)
Completed 200 OK in 14ms (Views: 11.4ms | ActiveRecord: 0.0ms | Allocations: 3965)


Started POST "/users/password" for 127.0.0.1 at 2022-04-25 16:15:54 +0530
Processing by Devise::PasswordsController#create as HTML
  Parameters: {"authenticity_token"=>"[FILTERED]", "user"=>{"email"=>"rnagare101@gmail.com"}, "commit"=>"Send me reset password instructions"}
  [1m[36mUser Load (0.2ms)[0m  [1m[34mSELECT "users".* FROM "users" WHERE "users"."email" = ? ORDER BY "users"."id" ASC LIMIT ?[0m  [["email", "rnagare101@gmail.com"], ["LIMIT", 1]]
  [1m[36mUser Load (0.1ms)[0m  [1m[34mSELECT "users".* FROM "users" WHERE "users"."reset_password_token" = ? ORDER BY "users"."id" ASC LIMIT ?[0m  [["reset_password_token", "[FILTERED]"], ["LIMIT", 1]]
  [1m[36mTRANSACTION (0.1ms)[0m  [1m[36mbegin transaction[0m
  [1m[36mUser Update (0.4ms)[0m  [1m[33mUPDATE "users" SET "reset_password_token" = ?, "reset_password_sent_at" = ?, "updated_at" = ? WHERE "users"."id" = ?[0m  [["reset_password_token", "[FILTERED]"], ["reset_password_sent_at", "[FILTERED]"], ["updated_at", "2022-04-25 10:45:54.677907"], ["id", 1]]
  [1m[36mTRANSACTION (118.1ms)[0m  [1m[36mcommit transaction[0m
  Rendering devise/mailer/reset_password_instructions.html.erb
  Rendered devise/mailer/reset_password_instructions.html.erb (Duration: 1.5ms | Allocations: 235)
Devise::Mailer#reset_password_instructions: processed outbound mail in 6.8ms
Delivered mail 62667be2c64fc_2d333d54-193@Vostro-15-3568.mail (4.4ms)
Date: Mon, 25 Apr 2022 16:15:54 +0530
From: please-change-me-at-config-initializers-devise@example.com
Reply-To: please-change-me-at-config-initializers-devise@example.com
To: rnagare101@gmail.com
Message-ID: <62667be2c64fc_2d333d54-193@Vostro-15-3568.mail>
Subject: Reset password instructions
Mime-Version: 1.0
Content-Type: text/html;
 charset=UTF-8
Content-Transfer-Encoding: 7bit

<p>Hello rnagare101@gmail.com!</p>

<p>Someone has requested a link to change your password. You can do this through the link below.</p>

<p><a href="http://localhost:3000/users/password/edit?reset_password_token=G6-8NBffFa_tE7rHgyyW">Change my password</a></p>

<p>If you didn't request this, please ignore this email.</p>
<p>Your password won't change until you access the link above and create a new one.</p>

Redirected to http://localhost:3000/users/sign_in
Completed 302 Found in 146ms (ActiveRecord: 118.8ms | Allocations: 10109)


Started GET "/users/sign_in" for 127.0.0.1 at 2022-04-25 16:15:54 +0530
Processing by Devise::SessionsController#new as HTML
  Rendering layout layouts/application.html.erb
  Rendering devise/sessions/new.html.erb within layouts/application
  Rendered devise/shared/_links.html.erb (Duration: 0.6ms | Allocations: 222)
  Rendered devise/sessions/new.html.erb within layouts/application (Duration: 4.0ms | Allocations: 1101)
  Rendered layout layouts/application.html.erb (Duration: 12.8ms | Allocations: 6469)
Completed 500 Internal Server Error in 15ms (ActiveRecord: 0.0ms | Allocations: 7066)


  
ActionView::Template::Error (Missing partial layouts/_warnings with {:locale=>[:en], :formats=>[:html], :variants=>[], :handlers=>[:raw, :erb, :html, :builder, :ruby, :jbuilder]}.

Searched in:
  * "/home/radhesham/Desktop/PP/app/app/views"
  * "/var/lib/gems/2.7.0/gems/devise-4.8.1/app/views"
  * "/var/lib/gems/2.7.0/gems/actiontext-7.0.2.3/app/views"
  * "/var/lib/gems/2.7.0/gems/actionmailbox-7.0.2.3/app/views"

Did you mean?  layouts/warning
               layouts/alerts
               layouts/action_text/contents/content
               devise/shared/links
               action_text/attachables/remote_image
               action_text/contents/content):
    23:     <%end%>
    24:     
    25:     <%if notice%>
    26:      <%= render "layouts/warnings" %>
    27:     <%end%>
    28:     
    29:     <%= yield %>
  
app/views/layouts/application.html.erb:26
Started GET "/users/sign_in" for 127.0.0.1 at 2022-04-25 16:16:43 +0530
Processing by Devise::SessionsController#new as HTML
  Rendering layout layouts/application.html.erb
  Rendering devise/sessions/new.html.erb within layouts/application
  Rendered devise/shared/_links.html.erb (Duration: 1.8ms | Allocations: 653)
  Rendered devise/sessions/new.html.erb within layouts/application (Duration: 5.4ms | Allocations: 1924)
  Rendered layouts/_warnings.html.erb (Duration: 0.8ms | Allocations: 142)
  Rendered layout layouts/application.html.erb (Duration: 12.4ms | Allocations: 4461)
Completed 200 OK in 16ms (Views: 14.5ms | ActiveRecord: 0.0ms | Allocations: 5800)


Started GET "/users/sign_in" for 127.0.0.1 at 2022-04-25 16:17:35 +0530
Processing by Devise::SessionsController#new as HTML
  Rendering layout layouts/application.html.erb
  Rendering devise/sessions/new.html.erb within layouts/application
  Rendered devise/shared/_links.html.erb (Duration: 1.6ms | Allocations: 653)
  Rendered devise/sessions/new.html.erb within layouts/application (Duration: 4.9ms | Allocations: 1924)
  Rendered layout layouts/application.html.erb (Duration: 9.5ms | Allocations: 4201)
Completed 200 OK in 13ms (Views: 12.1ms | ActiveRecord: 0.0ms | Allocations: 5513)


Started GET "/users/password/new" for 127.0.0.1 at 2022-04-25 16:17:40 +0530
Processing by Devise::PasswordsController#new as HTML
  Rendering layout layouts/application.html.erb
  Rendering devise/passwords/new.html.erb within layouts/application
  Rendered devise/shared/_error_messages.html.erb (Duration: 0.7ms | Allocations: 213)
  Rendered devise/shared/_links.html.erb (Duration: 1.0ms | Allocations: 221)
  Rendered devise/passwords/new.html.erb within layouts/application (Duration: 5.7ms | Allocations: 1271)
  Rendered layout layouts/application.html.erb (Duration: 10.8ms | Allocations: 3218)
Completed 200 OK in 14ms (Views: 12.5ms | ActiveRecord: 0.0ms | Allocations: 4221)


Started POST "/users/password" for 127.0.0.1 at 2022-04-25 16:17:44 +0530
Processing by Devise::PasswordsController#create as HTML
  Parameters: {"authenticity_token"=>"[FILTERED]", "user"=>{"email"=>"rnagare101@gmail.com"}, "commit"=>"Send me reset password instructions"}
  [1m[36mUser Load (0.2ms)[0m  [1m[34mSELECT "users".* FROM "users" WHERE "users"."email" = ? ORDER BY "users"."id" ASC LIMIT ?[0m  [["email", "rnagare101@gmail.com"], ["LIMIT", 1]]
  [1m[36mUser Load (0.2ms)[0m  [1m[34mSELECT "users".* FROM "users" WHERE "users"."reset_password_token" = ? ORDER BY "users"."id" ASC LIMIT ?[0m  [["reset_password_token", "[FILTERED]"], ["LIMIT", 1]]
  [1m[36mTRANSACTION (0.1ms)[0m  [1m[36mbegin transaction[0m
  [1m[36mUser Update (0.4ms)[0m  [1m[33mUPDATE "users" SET "reset_password_token" = ?, "reset_password_sent_at" = ?, "updated_at" = ? WHERE "users"."id" = ?[0m  [["reset_password_token", "[FILTERED]"], ["reset_password_sent_at", "[FILTERED]"], ["updated_at", "2022-04-25 10:47:44.149980"], ["id", 1]]
  [1m[36mTRANSACTION (127.6ms)[0m  [1m[36mcommit transaction[0m
  Rendering devise/mailer/reset_password_instructions.html.erb
  Rendered devise/mailer/reset_password_instructions.html.erb (Duration: 1.9ms | Allocations: 235)
Devise::Mailer#reset_password_instructions: processed outbound mail in 14.7ms
Delivered mail 62667c504a9cf_2d333d2c047@Vostro-15-3568.mail (3.3ms)
Date: Mon, 25 Apr 2022 16:17:44 +0530
From: please-change-me-at-config-initializers-devise@example.com
Reply-To: please-change-me-at-config-initializers-devise@example.com
To: rnagare101@gmail.com
Message-ID: <62667c504a9cf_2d333d2c047@Vostro-15-3568.mail>
Subject: Reset password instructions
Mime-Version: 1.0
Content-Type: text/html;
 charset=UTF-8
Content-Transfer-Encoding: 7bit

<p>Hello rnagare101@gmail.com!</p>

<p>Someone has requested a link to change your password. You can do this through the link below.</p>

<p><a href="http://localhost:3000/users/password/edit?reset_password_token=DA_jgPg43haYi3Ce5yqQ">Change my password</a></p>

<p>If you didn't request this, please ignore this email.</p>
<p>Your password won't change until you access the link above and create a new one.</p>

Redirected to http://localhost:3000/users/sign_in
Completed 302 Found in 169ms (ActiveRecord: 128.4ms | Allocations: 10175)


Started GET "/users/sign_in" for 127.0.0.1 at 2022-04-25 16:17:44 +0530
Processing by Devise::SessionsController#new as HTML
  Rendering layout layouts/application.html.erb
  Rendering devise/sessions/new.html.erb within layouts/application
  Rendered devise/shared/_links.html.erb (Duration: 0.5ms | Allocations: 222)
  Rendered devise/sessions/new.html.erb within layouts/application (Duration: 4.5ms | Allocations: 1101)
  Rendered layouts/_warnings.html.erb (Duration: 0.8ms | Allocations: 143)
  Rendered layout layouts/application.html.erb (Duration: 9.2ms | Allocations: 3292)
Completed 200 OK in 11ms (Views: 10.0ms | ActiveRecord: 0.0ms | Allocations: 3911)


Started GET "/users/sign_in" for 127.0.0.1 at 2022-04-25 16:18:32 +0530
Processing by Devise::SessionsController#new as HTML
  Rendering layout layouts/application.html.erb
  Rendering devise/sessions/new.html.erb within layouts/application
  Rendered devise/shared/_links.html.erb (Duration: 1.6ms | Allocations: 653)
  Rendered devise/sessions/new.html.erb within layouts/application (Duration: 5.3ms | Allocations: 1924)
  Rendered layout layouts/application.html.erb (Duration: 10.5ms | Allocations: 4201)
Completed 200 OK in 14ms (Views: 12.5ms | ActiveRecord: 0.0ms | Allocations: 5513)


Started GET "/users/password/new" for 127.0.0.1 at 2022-04-25 16:18:35 +0530
Processing by Devise::PasswordsController#new as HTML
  Rendering layout layouts/application.html.erb
  Rendering devise/passwords/new.html.erb within layouts/application
  Rendered devise/shared/_error_messages.html.erb (Duration: 0.5ms | Allocations: 213)
  Rendered devise/shared/_links.html.erb (Duration: 0.5ms | Allocations: 221)
  Rendered devise/passwords/new.html.erb within layouts/application (Duration: 3.8ms | Allocations: 1271)
  Rendered layout layouts/application.html.erb (Duration: 8.0ms | Allocations: 3218)
Completed 200 OK in 11ms (Views: 9.5ms | ActiveRecord: 0.0ms | Allocations: 4231)


Started POST "/users/password" for 127.0.0.1 at 2022-04-25 16:18:39 +0530
Processing by Devise::PasswordsController#create as HTML
  Parameters: {"authenticity_token"=>"[FILTERED]", "user"=>{"email"=>"rnagare101@gmail.com"}, "commit"=>"Send me reset password instructions"}
  [1m[36mUser Load (0.2ms)[0m  [1m[34mSELECT "users".* FROM "users" WHERE "users"."email" = ? ORDER BY "users"."id" ASC LIMIT ?[0m  [["email", "rnagare101@gmail.com"], ["LIMIT", 1]]
  [1m[36mUser Load (0.2ms)[0m  [1m[34mSELECT "users".* FROM "users" WHERE "users"."reset_password_token" = ? ORDER BY "users"."id" ASC LIMIT ?[0m  [["reset_password_token", "[FILTERED]"], ["LIMIT", 1]]
  [1m[36mTRANSACTION (0.1ms)[0m  [1m[36mbegin transaction[0m
  [1m[36mUser Update (0.3ms)[0m  [1m[33mUPDATE "users" SET "reset_password_token" = ?, "reset_password_sent_at" = ?, "updated_at" = ? WHERE "users"."id" = ?[0m  [["reset_password_token", "[FILTERED]"], ["reset_password_sent_at", "[FILTERED]"], ["updated_at", "2022-04-25 10:48:39.379546"], ["id", 1]]
  [1m[36mTRANSACTION (159.7ms)[0m  [1m[36mcommit transaction[0m
  Rendering devise/mailer/reset_password_instructions.html.erb
  Rendered devise/mailer/reset_password_instructions.html.erb (Duration: 2.6ms | Allocations: 235)
Devise::Mailer#reset_password_instructions: processed outbound mail in 14.5ms
Delivered mail 62667c878a385_2d333d2c154@Vostro-15-3568.mail (3.0ms)
Date: Mon, 25 Apr 2022 16:18:39 +0530
From: please-change-me-at-config-initializers-devise@example.com
Reply-To: please-change-me-at-config-initializers-devise@example.com
To: rnagare101@gmail.com
Message-ID: <62667c878a385_2d333d2c154@Vostro-15-3568.mail>
Subject: Reset password instructions
Mime-Version: 1.0
Content-Type: text/html;
 charset=UTF-8
Content-Transfer-Encoding: 7bit

<p>Hello rnagare101@gmail.com!</p>

<p>Someone has requested a link to change your password. You can do this through the link below.</p>

<p><a href="http://localhost:3000/users/password/edit?reset_password_token=PhbvGzioJeHWoodCfCsT">Change my password</a></p>

<p>If you didn't request this, please ignore this email.</p>
<p>Your password won't change until you access the link above and create a new one.</p>

Redirected to http://localhost:3000/users/sign_in
Completed 302 Found in 199ms (ActiveRecord: 160.6ms | Allocations: 10177)


Started GET "/users/sign_in" for 127.0.0.1 at 2022-04-25 16:18:39 +0530
Processing by Devise::SessionsController#new as HTML
  Rendering layout layouts/application.html.erb
  Rendering devise/sessions/new.html.erb within layouts/application
  Rendered devise/shared/_links.html.erb (Duration: 0.5ms | Allocations: 222)
  Rendered devise/sessions/new.html.erb within layouts/application (Duration: 2.5ms | Allocations: 1101)
  Rendered layouts/_warnings.html.erb (Duration: 0.7ms | Allocations: 143)
  Rendered layout layouts/application.html.erb (Duration: 6.9ms | Allocations: 3292)
Completed 200 OK in 9ms (Views: 7.5ms | ActiveRecord: 0.0ms | Allocations: 3921)


Started GET "/users/sign_in" for 127.0.0.1 at 2022-04-25 16:31:06 +0530
Processing by Devise::SessionsController#new as HTML
  Rendering layout layouts/application.html.erb
  Rendering devise/sessions/new.html.erb within layouts/application
  Rendered devise/shared/_links.html.erb (Duration: 1.6ms | Allocations: 653)
  Rendered devise/sessions/new.html.erb within layouts/application (Duration: 4.8ms | Allocations: 1924)
  Rendered layouts/_navbar.html.erb (Duration: 3.7ms | Allocations: 139)
  Rendered layout layouts/application.html.erb (Duration: 13.6ms | Allocations: 4474)
Completed 200 OK in 17ms (Views: 15.8ms | Allocations: 5795)


Started GET "/users/sign_in" for 127.0.0.1 at 2022-04-25 16:39:43 +0530
Processing by Devise::SessionsController#new as HTML
  Rendering layout layouts/application.html.erb
  Rendering devise/sessions/new.html.erb within layouts/application
  Rendered devise/shared/_links.html.erb (Duration: 1.6ms | Allocations: 653)
  Rendered devise/sessions/new.html.erb within layouts/application (Duration: 6.5ms | Allocations: 1926)
  Rendered layouts/_navbar.html.erb (Duration: 55.4ms | Allocations: 187)
  Rendered layout layouts/application.html.erb (Duration: 66.3ms | Allocations: 4533)
Completed 200 OK in 73ms (Views: 68.9ms | Allocations: 5837)


Started GET "/users/sign_in" for 127.0.0.1 at 2022-04-25 16:40:04 +0530
Processing by Devise::SessionsController#new as HTML
  Rendering layout layouts/application.html.erb
  Rendering devise/sessions/new.html.erb within layouts/application
  Rendered devise/shared/_links.html.erb (Duration: 1.8ms | Allocations: 653)
  Rendered devise/sessions/new.html.erb within layouts/application (Duration: 7.4ms | Allocations: 1925)
  Rendered layouts/_navbar.html.erb (Duration: 0.9ms | Allocations: 191)
  Rendered layout layouts/application.html.erb (Duration: 12.7ms | Allocations: 4523)
Completed 200 OK in 16ms (Views: 15.0ms | Allocations: 5848)


Started GET "/" for 127.0.0.1 at 2022-04-25 16:40:07 +0530
Processing by HomeController#index as HTML
  Rendering layout layouts/application.html.erb
  Rendering home/index.html.erb within layouts/application
  Rendered home/index.html.erb within layouts/application (Duration: 0.6ms | Allocations: 117)
  Rendered layouts/_navbar.html.erb (Duration: 0.3ms | Allocations: 47)
  Rendered layout layouts/application.html.erb (Duration: 7.3ms | Allocations: 2326)
Completed 200 OK in 9ms (Views: 8.7ms | Allocations: 3062)


Started GET "/" for 127.0.0.1 at 2022-04-25 16:43:25 +0530
Processing by HomeController#index as HTML
  Rendering layout layouts/application.html.erb
  Rendering home/index.html.erb within layouts/application
  Rendered home/index.html.erb within layouts/application (Duration: 0.5ms | Allocations: 117)
  Rendered layouts/_navbar.html.erb (Duration: 12.8ms | Allocations: 495)
  Rendered layout layouts/application.html.erb (Duration: 20.5ms | Allocations: 3177)
Completed 200 OK in 23ms (Views: 22.0ms | Allocations: 4082)


Started GET "/users/sign_in" for 127.0.0.1 at 2022-04-25 16:43:28 +0530
Processing by Devise::SessionsController#new as HTML
  Rendering layout layouts/application.html.erb
  Rendering devise/sessions/new.html.erb within layouts/application
  Rendered devise/shared/_links.html.erb (Duration: 1.5ms | Allocations: 653)
  Rendered devise/sessions/new.html.erb within layouts/application (Duration: 4.6ms | Allocations: 1924)
  Rendered layouts/_navbar.html.erb (Duration: 0.4ms | Allocations: 126)
  Rendered layout layouts/application.html.erb (Duration: 9.1ms | Allocations: 4047)
Completed 200 OK in 12ms (Views: 10.9ms | Allocations: 5190)


Started GET "/users/sign_up" for 127.0.0.1 at 2022-04-25 16:43:30 +0530
Processing by Devise::RegistrationsController#new as HTML
  Rendering layout layouts/application.html.erb
  Rendering devise/registrations/new.html.erb within layouts/application
  Rendered devise/shared/_error_messages.html.erb (Duration: 1.1ms | Allocations: 213)
  Rendered devise/shared/_links.html.erb (Duration: 0.8ms | Allocations: 178)
  Rendered devise/registrations/new.html.erb within layouts/application (Duration: 6.9ms | Allocations: 1749)
  Rendered layouts/_navbar.html.erb (Duration: 0.4ms | Allocations: 126)
  Rendered layout layouts/application.html.erb (Duration: 12.1ms | Allocations: 3879)
Completed 200 OK in 15ms (Views: 13.7ms | Allocations: 4881)


Started GET "/" for 127.0.0.1 at 2022-04-25 16:43:54 +0530
Processing by HomeController#index as HTML
  Rendering layout layouts/application.html.erb
  Rendering home/index.html.erb within layouts/application
  Rendered home/index.html.erb within layouts/application (Duration: 0.1ms | Allocations: 15)
  Rendered layouts/_navbar.html.erb (Duration: 0.5ms | Allocations: 162)
  Rendered layout layouts/application.html.erb (Duration: 4.3ms | Allocations: 2336)
Completed 200 OK in 6ms (Views: 5.1ms | Allocations: 2586)


Started GET "/users/sign_in" for 127.0.0.1 at 2022-04-25 16:46:27 +0530
Processing by Devise::SessionsController#new as HTML
  Rendering layout layouts/application.html.erb
  Rendering devise/sessions/new.html.erb within layouts/application
  Rendered devise/shared/_links.html.erb (Duration: 0.6ms | Allocations: 222)
  Rendered devise/sessions/new.html.erb within layouts/application (Duration: 3.0ms | Allocations: 1101)
  Rendered layouts/_navbar.html.erb (Duration: 0.4ms | Allocations: 126)
  Rendered layout layouts/application.html.erb (Duration: 6.7ms | Allocations: 3222)
Completed 200 OK in 8ms (Views: 7.3ms | Allocations: 3812)


Started GET "/users/sign_up" for 127.0.0.1 at 2022-04-25 16:46:29 +0530
Processing by Devise::RegistrationsController#new as HTML
  Rendering layout layouts/application.html.erb
  Rendering devise/registrations/new.html.erb within layouts/application
  Rendered devise/shared/_error_messages.html.erb (Duration: 0.1ms | Allocations: 18)
  Rendered devise/shared/_links.html.erb (Duration: 0.4ms | Allocations: 175)
  Rendered devise/registrations/new.html.erb within layouts/application (Duration: 3.0ms | Allocations: 1117)
  Rendered layouts/_navbar.html.erb (Duration: 0.4ms | Allocations: 119)
  Rendered layout layouts/application.html.erb (Duration: 6.6ms | Allocations: 3228)
Completed 200 OK in 8ms (Views: 7.2ms | Allocations: 3768)


Started GET "/" for 127.0.0.1 at 2022-04-25 16:46:34 +0530
Processing by HomeController#index as HTML
  Rendering layout layouts/application.html.erb
  Rendering home/index.html.erb within layouts/application
  Rendered home/index.html.erb within layouts/application (Duration: 0.1ms | Allocations: 15)
  Rendered layouts/_navbar.html.erb (Duration: 0.5ms | Allocations: 154)
  Rendered layout layouts/application.html.erb (Duration: 4.8ms | Allocations: 2315)
Completed 200 OK in 6ms (Views: 5.6ms | Allocations: 2564)


